2014-06-27 16:50:03,941 - requests: requests.make_urlrequest: 
    ERROR - in requests.make_urlrequest(): 
    http://openweathermap.org/data/2.5/forecast/daily?id=4952206&units=metric&cnt=15&mode=daily_compact&type=day&APPID=1fa55da531b003f0ceb9d84735aa7c99

    HTTP Error 500: Internal Server Error
2014-06-27 16:54:05,231 - requests: requests.make_urlrequest: 
    ERROR - in requests.make_urlrequest(): 
    http://openweathermap.org/data/2.5/forecast/daily?id=5173237&units=metric&cnt=15&mode=daily_compact&type=day&APPID=1fa55da531b003f0ceb9d84735aa7c99

    HTTP Error 514: 
2014-06-27 17:00:04,958 - requests: requests.make_urlrequest: 
    ERROR - in requests.make_urlrequest(): 
    http://openweathermap.org/data/2.5/forecast/daily?id=5779548&units=metric&cnt=15&mode=daily_compact&type=day&APPID=1fa55da531b003f0ceb9d84735aa7c99

    HTTP Error 514: 
2014-06-27 17:40:04,262 - requests: requests.make_urlrequest: 
    ERROR - in requests.make_urlrequest(): 
    http://openweathermap.org/data/2.5/forecast/daily?id=5097349&units=metric&cnt=15&mode=daily_compact&type=day&APPID=1fa55da531b003f0ceb9d84735aa7c99

    HTTP Error 500: Internal Server Error
2014-06-27 17:50:04,462 - requests: requests.make_urlrequest: 
    ERROR - in requests.make_urlrequest(): 
    http://openweathermap.org/data/2.5/forecast/daily?id=5215142&units=metric&cnt=15&mode=daily_compact&type=day&APPID=1fa55da531b003f0ceb9d84735aa7c99

    HTTP Error 514: 
2014-06-27 18:00:03,256 - requests: requests.make_urlrequest: 
    ERROR - in requests.make_urlrequest(): 
    http://openweathermap.org/data/2.5/forecast/daily?id=5677735&units=metric&cnt=15&mode=daily_compact&type=day&APPID=1fa55da531b003f0ceb9d84735aa7c99

    HTTP Error 511: 
2014-06-27 18:01:03,113 - requests: requests.make_urlrequest: 
    ERROR - in requests.make_urlrequest(): 
    http://openweathermap.org/data/2.5/forecast/daily?id=5732763&units=metric&cnt=15&mode=daily_compact&type=day&APPID=1fa55da531b003f0ceb9d84735aa7c99

    HTTP Error 510: 
