2014-06-01 19:53:27,548 - requests: requests.make_urlrequest: 
    ERROR - in requests.make_urlrequest(): 
    http://openweathermap.org/data/2.5/forecast/daily?id=4640882&units=metric&cnt=15&mode=daily_compact&type=day&APPID=1fa55da531b003f0ceb9d84735aa7c99

    HTTP Error 512: 
2014-06-01 19:53:57,998 - requests: requests.make_urlrequest: 
    ERROR - in requests.make_urlrequest(): 
    http://openweathermap.org/data/2.5/forecast/daily?id=4640882&units=metric&cnt=15&mode=daily_compact&type=day&APPID=1fa55da531b003f0ceb9d84735aa7c99

    HTTP Error 512: 
2014-06-01 19:54:28,370 - requests: requests.make_urlrequest: 
    ERROR - in requests.make_urlrequest(): 
    http://openweathermap.org/data/2.5/forecast/daily?id=4640882&units=metric&cnt=15&mode=daily_compact&type=day&APPID=1fa55da531b003f0ceb9d84735aa7c99

    HTTP Error 512: 
2014-06-01 19:54:58,800 - requests: requests.make_urlrequest: 
    ERROR - in requests.make_urlrequest(): 
    http://openweathermap.org/data/2.5/forecast/daily?id=4640882&units=metric&cnt=15&mode=daily_compact&type=day&APPID=1fa55da531b003f0ceb9d84735aa7c99

    HTTP Error 512: 
2014-06-01 19:55:29,287 - requests: requests.make_urlrequest: 
    ERROR - in requests.make_urlrequest(): 
    http://openweathermap.org/data/2.5/forecast/daily?id=4640882&units=metric&cnt=15&mode=daily_compact&type=day&APPID=1fa55da531b003f0ceb9d84735aa7c99

    HTTP Error 512: 
2014-06-01 19:55:59,734 - requests: requests.make_urlrequest: 
    ERROR - in requests.make_urlrequest(): 
    http://openweathermap.org/data/2.5/forecast/daily?id=4640882&units=metric&cnt=15&mode=daily_compact&type=day&APPID=1fa55da531b003f0ceb9d84735aa7c99

    HTTP Error 512: 
2014-06-01 19:56:30,237 - requests: requests.make_urlrequest: 
    ERROR - in requests.make_urlrequest(): 
    http://openweathermap.org/data/2.5/forecast/daily?id=4640882&units=metric&cnt=15&mode=daily_compact&type=day&APPID=1fa55da531b003f0ceb9d84735aa7c99

    HTTP Error 512: 
2014-06-01 19:57:37,004 - requests: requests.make_urlrequest: 
    ERROR - in requests.make_urlrequest(): 
    http://openweathermap.org/data/2.5/forecast/daily?id=4668717&units=metric&cnt=15&mode=daily_compact&type=day&APPID=1fa55da531b003f0ceb9d84735aa7c99

    HTTP Error 512: 
2014-06-01 19:58:07,392 - requests: requests.make_urlrequest: 
    ERROR - in requests.make_urlrequest(): 
    http://openweathermap.org/data/2.5/forecast/daily?id=4668717&units=metric&cnt=15&mode=daily_compact&type=day&APPID=1fa55da531b003f0ceb9d84735aa7c99

    HTTP Error 512: 
2014-06-01 19:58:37,905 - requests: requests.make_urlrequest: 
    ERROR - in requests.make_urlrequest(): 
    http://openweathermap.org/data/2.5/forecast/daily?id=4668717&units=metric&cnt=15&mode=daily_compact&type=day&APPID=1fa55da531b003f0ceb9d84735aa7c99

    HTTP Error 512: 
2014-06-01 19:59:08,467 - requests: requests.make_urlrequest: 
    ERROR - in requests.make_urlrequest(): 
    http://openweathermap.org/data/2.5/forecast/daily?id=4668717&units=metric&cnt=15&mode=daily_compact&type=day&APPID=1fa55da531b003f0ceb9d84735aa7c99

    HTTP Error 512: 
2014-06-01 20:00:06,052 - requests: requests.make_urlrequest: 
    ERROR - in requests.make_urlrequest(): 
    http://openweathermap.org/data/2.5/forecast/daily?id=4678858&units=metric&cnt=15&mode=daily_compact&type=day&APPID=1fa55da531b003f0ceb9d84735aa7c99

    HTTP Error 510: 
2014-06-01 20:10:04,517 - requests: requests.make_urlrequest: 
    ERROR - in requests.make_urlrequest(): 
    http://openweathermap.org/data/2.5/forecast/daily?id=4939549&units=metric&cnt=15&mode=daily_compact&type=day&APPID=1fa55da531b003f0ceb9d84735aa7c99

    HTTP Error 512: 
2014-06-01 20:10:37,772 - requests: requests.make_urlrequest: 
    ERROR - in requests.make_urlrequest(): 
    http://openweathermap.org/data/2.5/forecast/daily?id=4939862&units=metric&cnt=15&mode=daily_compact&type=day&APPID=1fa55da531b003f0ceb9d84735aa7c99

    HTTP Error 512: 
2014-06-01 20:12:07,785 - requests: requests.make_urlrequest: 
    ERROR - in requests.make_urlrequest(): 
    http://openweathermap.org/data/2.5/forecast/daily?id=4950747&units=metric&cnt=15&mode=daily_compact&type=day&APPID=1fa55da531b003f0ceb9d84735aa7c99

    HTTP Error 504: Gateway Time-out
2014-06-01 20:13:08,815 - requests: requests.make_urlrequest: 
    ERROR - in requests.make_urlrequest(): 
    http://openweathermap.org/data/2.5/forecast/daily?id=4952078&units=metric&cnt=15&mode=daily_compact&type=day&APPID=1fa55da531b003f0ceb9d84735aa7c99

    HTTP Error 512: 
2014-06-01 20:38:03,067 - requests: requests.make_urlrequest: 
    ERROR - in requests.make_urlrequest(): 
    http://openweathermap.org/data/2.5/forecast/daily?id=5587232&units=metric&cnt=15&mode=daily_compact&type=day&APPID=1fa55da531b003f0ceb9d84735aa7c99

    HTTP Error 510: 
