2014-06-04 18:25:11,797 - requests: requests.make_urlrequest: 
    ERROR - in requests.make_urlrequest(): 
    http://openweathermap.org/data/2.5/forecast/daily?id=5798318&units=metric&cnt=15&mode=daily_compact&type=day&APPID=1fa55da531b003f0ceb9d84735aa7c99

    HTTP Error 512: 
2014-06-04 18:26:03,172 - requests: requests.make_urlrequest: 
    ERROR - in requests.make_urlrequest(): 
    http://openweathermap.org/data/2.5/forecast/daily?id=5127335&units=metric&cnt=15&mode=daily_compact&type=day&APPID=1fa55da531b003f0ceb9d84735aa7c99

    HTTP Error 510: 
2014-06-04 18:28:07,859 - requests: requests.make_urlrequest: 
    ERROR - in requests.make_urlrequest(): 
    http://openweathermap.org/data/2.5/forecast/daily?id=4988215&units=metric&cnt=15&mode=daily_compact&type=day&APPID=1fa55da531b003f0ceb9d84735aa7c99

    HTTP Error 512: 
2014-06-04 18:29:10,742 - requests: requests.make_urlrequest: 
    ERROR - in requests.make_urlrequest(): 
    http://openweathermap.org/data/2.5/forecast/daily?id=4247060&units=metric&cnt=15&mode=daily_compact&type=day&APPID=1fa55da531b003f0ceb9d84735aa7c99

    HTTP Error 512: 
2014-06-04 18:30:05,571 - requests: requests.make_urlrequest: 
    ERROR - in requests.make_urlrequest(): 
    http://openweathermap.org/data/2.5/forecast/daily?id=4232862&units=metric&cnt=15&mode=daily_compact&type=day&APPID=1fa55da531b003f0ceb9d84735aa7c99

    HTTP Error 512: 
2014-06-04 19:00:03,869 - requests: requests.make_urlrequest: 
    ERROR - in requests.make_urlrequest(): 
    http://openweathermap.org/data/2.5/forecast/daily?id=5100604&units=metric&cnt=15&mode=daily_compact&type=day&APPID=1fa55da531b003f0ceb9d84735aa7c99

    HTTP Error 510: 
2014-06-04 19:03:16,867 - requests: requests.make_urlrequest: 
    ERROR - in requests.make_urlrequest(): 
    http://openweathermap.org/data/2.5/forecast/daily?id=5166177&units=metric&cnt=15&mode=daily_compact&type=day&APPID=1fa55da531b003f0ceb9d84735aa7c99

    HTTP Error 512: 
2014-06-04 19:10:02,689 - requests: requests.make_urlrequest: 
    ERROR - in requests.make_urlrequest(): 
    http://openweathermap.org/data/2.5/forecast/daily?id=5771960&units=metric&cnt=15&mode=daily_compact&type=day&APPID=1fa55da531b003f0ceb9d84735aa7c99

    HTTP Error 510: 
2014-06-04 19:11:42,639 - requests: requests.make_urlrequest: 
    ERROR - in requests.make_urlrequest(): 
    http://openweathermap.org/data/2.5/forecast/daily?id=7257422&units=metric&cnt=15&mode=daily_compact&type=day&APPID=1fa55da531b003f0ceb9d84735aa7c99

    HTTP Error 512: 
2014-06-04 19:15:02,774 - requests: requests.make_urlrequest: 
    ERROR - in requests.make_urlrequest(): 
    http://openweathermap.org/data/2.5/forecast/daily?id=4121297&units=metric&cnt=15&mode=daily_compact&type=day&APPID=1fa55da531b003f0ceb9d84735aa7c99

    HTTP Error 510: 
2014-06-04 19:20:34,924 - requests: requests.make_urlrequest: 
    ERROR - in requests.make_urlrequest(): 
    http://openweathermap.org/data/2.5/forecast/daily?id=4178741&units=metric&cnt=15&mode=daily_compact&type=day&APPID=1fa55da531b003f0ceb9d84735aa7c99

    HTTP Error 512: 
2014-06-04 19:24:07,739 - requests: requests.make_urlrequest: 
    ERROR - in requests.make_urlrequest(): 
    http://openweathermap.org/data/2.5/forecast/daily?id=4245744&units=metric&cnt=15&mode=daily_compact&type=day&APPID=1fa55da531b003f0ceb9d84735aa7c99

    HTTP Error 512: 
2014-06-04 19:24:41,120 - requests: requests.make_urlrequest: 
    ERROR - in requests.make_urlrequest(): 
    http://openweathermap.org/data/2.5/forecast/daily?id=4245744&units=metric&cnt=15&mode=daily_compact&type=day&APPID=1fa55da531b003f0ceb9d84735aa7c99

    HTTP Error 512: 
2014-06-04 19:27:43,621 - requests: requests.make_urlrequest: 
    ERROR - in requests.make_urlrequest(): 
    http://openweathermap.org/data/2.5/forecast/daily?id=4278471&units=metric&cnt=15&mode=daily_compact&type=day&APPID=1fa55da531b003f0ceb9d84735aa7c99

    HTTP Error 512: 
2014-06-04 19:28:25,202 - requests: requests.make_urlrequest: 
    ERROR - in requests.make_urlrequest(): 
    http://openweathermap.org/data/2.5/forecast/daily?id=4281386&units=metric&cnt=15&mode=daily_compact&type=day&APPID=1fa55da531b003f0ceb9d84735aa7c99

    HTTP Error 512: 
2014-06-04 19:29:10,715 - requests: requests.make_urlrequest: 
    ERROR - in requests.make_urlrequest(): 
    http://openweathermap.org/data/2.5/forecast/daily?id=4285380&units=metric&cnt=15&mode=daily_compact&type=day&APPID=1fa55da531b003f0ceb9d84735aa7c99

    HTTP Error 512: 
2014-06-04 19:30:58,300 - requests: requests.make_urlrequest: 
    ERROR - in requests.make_urlrequest(): 
    http://openweathermap.org/data/2.5/forecast/daily?id=4309498&units=metric&cnt=15&mode=daily_compact&type=day&APPID=1fa55da531b003f0ceb9d84735aa7c99

    HTTP Error 512: 
2014-06-04 19:39:05,067 - requests: requests.make_urlrequest: 
    ERROR - in requests.make_urlrequest(): 
    http://openweathermap.org/data/2.5/forecast/daily?id=4474627&units=metric&cnt=15&mode=daily_compact&type=day&APPID=1fa55da531b003f0ceb9d84735aa7c99

    HTTP Error 510: 
2014-06-04 19:41:30,328 - requests: requests.make_urlrequest: 
    ERROR - in requests.make_urlrequest(): 
    http://openweathermap.org/data/2.5/forecast/daily?id=4500324&units=metric&cnt=15&mode=daily_compact&type=day&APPID=1fa55da531b003f0ceb9d84735aa7c99

    HTTP Error 512: 
2014-06-04 19:42:10,356 - requests: requests.make_urlrequest: 
    ERROR - in requests.make_urlrequest(): 
    http://openweathermap.org/data/2.5/forecast/daily?id=4500324&units=metric&cnt=15&mode=daily_compact&type=day&APPID=1fa55da531b003f0ceb9d84735aa7c99

    HTTP Error 512: 
2014-06-04 19:48:34,380 - requests: requests.make_urlrequest: 
    ERROR - in requests.make_urlrequest(): 
    http://openweathermap.org/data/2.5/forecast/daily?id=4592485&units=metric&cnt=15&mode=daily_compact&type=day&APPID=1fa55da531b003f0ceb9d84735aa7c99

    HTTP Error 512: 
2014-06-04 19:49:07,270 - requests: requests.make_urlrequest: 
    ERROR - in requests.make_urlrequest(): 
    http://openweathermap.org/data/2.5/forecast/daily?id=4592922&units=metric&cnt=15&mode=daily_compact&type=day&APPID=1fa55da531b003f0ceb9d84735aa7c99

    HTTP Error 510: 
2014-06-04 19:58:04,046 - requests: requests.make_urlrequest: 
    ERROR - in requests.make_urlrequest(): 
    http://openweathermap.org/data/2.5/forecast/daily?id=4803150&units=metric&cnt=15&mode=daily_compact&type=day&APPID=1fa55da531b003f0ceb9d84735aa7c99

    HTTP Error 512: 
2014-06-04 19:59:05,230 - requests: requests.make_urlrequest: 
    ERROR - in requests.make_urlrequest(): 
    http://openweathermap.org/data/2.5/forecast/daily?id=4822310&units=metric&cnt=15&mode=daily_compact&type=day&APPID=1fa55da531b003f0ceb9d84735aa7c99

    HTTP Error 512: 
2014-06-04 19:59:53,137 - requests: requests.make_urlrequest: 
    ERROR - in requests.make_urlrequest(): 
    http://openweathermap.org/data/2.5/forecast/daily?id=4830099&units=metric&cnt=15&mode=daily_compact&type=day&APPID=1fa55da531b003f0ceb9d84735aa7c99

    HTTP Error 512: 
2014-06-04 20:05:37,321 - requests: requests.make_urlrequest: 
    ERROR - in requests.make_urlrequest(): 
    http://openweathermap.org/data/2.5/forecast/daily?id=4920681&units=metric&cnt=15&mode=daily_compact&type=day&APPID=1fa55da531b003f0ceb9d84735aa7c99

    HTTP Error 512: 
2014-06-04 20:10:28,402 - requests: requests.make_urlrequest: 
    ERROR - in requests.make_urlrequest(): 
    http://openweathermap.org/data/2.5/forecast/daily?id=4989596&units=metric&cnt=15&mode=daily_compact&type=day&APPID=1fa55da531b003f0ceb9d84735aa7c99

    HTTP Error 504: Gateway Time-out
2014-06-04 20:17:50,932 - requests: requests.make_urlrequest: 
    ERROR - in requests.make_urlrequest(): 
    http://openweathermap.org/data/2.5/forecast/daily?id=5103095&units=metric&cnt=15&mode=daily_compact&type=day&APPID=1fa55da531b003f0ceb9d84735aa7c99

    HTTP Error 512: 
2014-06-04 20:24:24,696 - requests: requests.make_urlrequest: 
    ERROR - in requests.make_urlrequest(): 
    http://openweathermap.org/data/2.5/forecast/daily?id=5143986&units=metric&cnt=15&mode=daily_compact&type=day&APPID=1fa55da531b003f0ceb9d84735aa7c99

    HTTP Error 512: 
2014-06-04 20:25:46,764 - requests: requests.make_urlrequest: 
    ERROR - in requests.make_urlrequest(): 
    http://openweathermap.org/data/2.5/forecast/daily?id=5149149&units=metric&cnt=15&mode=daily_compact&type=day&APPID=1fa55da531b003f0ceb9d84735aa7c99

    HTTP Error 512: 
2014-06-04 20:26:21,589 - requests: requests.make_urlrequest: 
    ERROR - in requests.make_urlrequest(): 
    http://openweathermap.org/data/2.5/forecast/daily?id=5149253&units=metric&cnt=15&mode=daily_compact&type=day&APPID=1fa55da531b003f0ceb9d84735aa7c99

    HTTP Error 512: 
2014-06-04 20:27:31,567 - requests: requests.make_urlrequest: 
    ERROR - in requests.make_urlrequest(): 
    http://openweathermap.org/data/2.5/forecast/daily?id=5157449&units=metric&cnt=15&mode=daily_compact&type=day&APPID=1fa55da531b003f0ceb9d84735aa7c99

    HTTP Error 512: 
2014-06-04 20:30:02,673 - requests: requests.make_urlrequest: 
    ERROR - in requests.make_urlrequest(): 
    http://openweathermap.org/data/2.5/forecast/daily?id=5182842&units=metric&cnt=15&mode=daily_compact&type=day&APPID=1fa55da531b003f0ceb9d84735aa7c99

    HTTP Error 510: 
2014-06-04 20:34:04,444 - requests: requests.make_urlrequest: 
    ERROR - in requests.make_urlrequest(): 
    http://openweathermap.org/data/2.5/forecast/daily?id=5202820&units=metric&cnt=15&mode=daily_compact&type=day&APPID=1fa55da531b003f0ceb9d84735aa7c99

    HTTP Error 512: 
2014-06-04 20:37:25,307 - requests: requests.make_urlrequest: 
    ERROR - in requests.make_urlrequest(): 
    http://openweathermap.org/data/2.5/forecast/daily?id=5249259&units=metric&cnt=15&mode=daily_compact&type=day&APPID=1fa55da531b003f0ceb9d84735aa7c99

    HTTP Error 512: 
2014-06-04 20:39:05,314 - requests: requests.make_urlrequest: 
    ERROR - in requests.make_urlrequest(): 
    http://openweathermap.org/data/2.5/forecast/daily?id=5268850&units=metric&cnt=15&mode=daily_compact&type=day&APPID=1fa55da531b003f0ceb9d84735aa7c99

    HTTP Error 512: 
2014-06-04 20:48:10,841 - requests: requests.make_urlrequest: 
    ERROR - in requests.make_urlrequest(): 
    http://openweathermap.org/data/2.5/forecast/daily?id=5561194&units=metric&cnt=15&mode=daily_compact&type=day&APPID=1fa55da531b003f0ceb9d84735aa7c99

    HTTP Error 512: 
2014-06-04 20:51:20,916 - requests: requests.make_urlrequest: 
    ERROR - in requests.make_urlrequest(): 
    http://openweathermap.org/data/2.5/forecast/daily?id=5755474&units=metric&cnt=15&mode=daily_compact&type=day&APPID=1fa55da531b003f0ceb9d84735aa7c99

    HTTP Error 512: 
2014-06-04 20:53:51,251 - requests: requests.make_urlrequest: 
    ERROR - in requests.make_urlrequest(): 
    http://openweathermap.org/data/2.5/forecast/daily?id=5807487&units=metric&cnt=15&mode=daily_compact&type=day&APPID=1fa55da531b003f0ceb9d84735aa7c99

    HTTP Error 512: 
2014-06-04 20:55:03,559 - requests: requests.make_urlrequest: 
    ERROR - in requests.make_urlrequest(): 
    http://openweathermap.org/data/2.5/forecast/daily?id=5848956&units=metric&cnt=15&mode=daily_compact&type=day&APPID=1fa55da531b003f0ceb9d84735aa7c99

    HTTP Error 510: 
