2014-06-06 16:45:05,895 - requests: requests.make_urlrequest: 
    ERROR - in requests.make_urlrequest(): 
    http://openweathermap.org/data/2.5/forecast/daily?id=4920041&units=metric&cnt=15&mode=daily_compact&type=day&APPID=1fa55da531b003f0ceb9d84735aa7c99

    HTTP Error 510: 
2014-06-06 16:50:24,932 - requests: requests.make_urlrequest: 
    ERROR - in requests.make_urlrequest(): 
    http://openweathermap.org/data/2.5/forecast/daily?id=4208442&units=metric&cnt=15&mode=daily_compact&type=day&APPID=1fa55da531b003f0ceb9d84735aa7c99

    HTTP Error 512: 
2014-06-06 16:56:56,756 - requests: requests.make_urlrequest: 
    ERROR - in requests.make_urlrequest(): 
    http://openweathermap.org/data/2.5/forecast/daily?id=4726290&units=metric&cnt=15&mode=daily_compact&type=day&APPID=1fa55da531b003f0ceb9d84735aa7c99

    HTTP Error 512: 
2014-06-06 17:01:09,766 - requests: requests.make_urlrequest: 
    ERROR - in requests.make_urlrequest(): 
    http://openweathermap.org/data/2.5/forecast/daily?id=4911418&units=metric&cnt=15&mode=daily_compact&type=day&APPID=1fa55da531b003f0ceb9d84735aa7c99

    HTTP Error 512: 
2014-06-06 17:13:25,061 - requests: requests.make_urlrequest: 
    ERROR - in requests.make_urlrequest(): 
    http://openweathermap.org/data/2.5/forecast/daily?id=5387494&units=metric&cnt=15&mode=daily_compact&type=day&APPID=1fa55da531b003f0ceb9d84735aa7c99

    HTTP Error 512: 
2014-06-06 17:17:15,201 - requests: requests.make_urlrequest: 
    ERROR - in requests.make_urlrequest(): 
    http://openweathermap.org/data/2.5/forecast/daily?id=5785868&units=metric&cnt=15&mode=daily_compact&type=day&APPID=1fa55da531b003f0ceb9d84735aa7c99

    HTTP Error 512: 
2014-06-06 17:19:39,310 - requests: requests.make_urlrequest: 
    ERROR - in requests.make_urlrequest(): 
    http://openweathermap.org/data/2.5/forecast/daily?id=4054593&units=metric&cnt=15&mode=daily_compact&type=day&APPID=1fa55da531b003f0ceb9d84735aa7c99

    HTTP Error 512: 
2014-06-06 17:20:15,909 - requests: requests.make_urlrequest: 
    ERROR - in requests.make_urlrequest(): 
    http://openweathermap.org/data/2.5/forecast/daily?id=4055650&units=metric&cnt=15&mode=daily_compact&type=day&APPID=1fa55da531b003f0ceb9d84735aa7c99

    HTTP Error 512: 
2014-06-06 17:21:08,671 - requests: requests.make_urlrequest: 
    ERROR - in requests.make_urlrequest(): 
    http://openweathermap.org/data/2.5/forecast/daily?id=4062644&units=metric&cnt=15&mode=daily_compact&type=day&APPID=1fa55da531b003f0ceb9d84735aa7c99

    HTTP Error 512: 
2014-06-06 17:30:05,076 - requests: requests.make_urlrequest: 
    ERROR - in requests.make_urlrequest(): 
    http://openweathermap.org/data/2.5/forecast/daily?id=4211083&units=metric&cnt=15&mode=daily_compact&type=day&APPID=1fa55da531b003f0ceb9d84735aa7c99

    HTTP Error 510: 
2014-06-06 17:36:19,360 - requests: requests.make_urlrequest: 
    ERROR - in requests.make_urlrequest(): 
    http://openweathermap.org/data/2.5/forecast/daily?id=4332788&units=metric&cnt=15&mode=daily_compact&type=day&APPID=1fa55da531b003f0ceb9d84735aa7c99

    HTTP Error 512: 
2014-06-06 17:43:14,701 - requests: requests.make_urlrequest: 
    ERROR - in requests.make_urlrequest(): 
    http://openweathermap.org/data/2.5/forecast/daily?id=4472025&units=metric&cnt=15&mode=daily_compact&type=day&APPID=1fa55da531b003f0ceb9d84735aa7c99

    HTTP Error 512: 
2014-06-06 17:50:03,030 - requests: requests.make_urlrequest: 
    ERROR - in requests.make_urlrequest(): 
    http://openweathermap.org/data/2.5/forecast/daily?id=4589262&units=metric&cnt=15&mode=daily_compact&type=day&APPID=1fa55da531b003f0ceb9d84735aa7c99

    HTTP Error 512: 
2014-06-06 17:52:59,446 - requests: requests.make_urlrequest: 
    ERROR - in requests.make_urlrequest(): 
    http://openweathermap.org/data/2.5/forecast/daily?id=4679944&units=metric&cnt=15&mode=daily_compact&type=day&APPID=1fa55da531b003f0ceb9d84735aa7c99

    HTTP Error 512: 
2014-06-06 17:54:27,662 - requests: requests.make_urlrequest: 
    ERROR - in requests.make_urlrequest(): 
    http://openweathermap.org/data/2.5/forecast/daily?id=4695938&units=metric&cnt=15&mode=daily_compact&type=day&APPID=1fa55da531b003f0ceb9d84735aa7c99

    HTTP Error 512: 
2014-06-06 18:00:10,416 - requests: requests.make_urlrequest: 
    ERROR - in requests.make_urlrequest(): 
    http://openweathermap.org/data/2.5/forecast/daily?id=4841463&units=metric&cnt=15&mode=daily_compact&type=day&APPID=1fa55da531b003f0ceb9d84735aa7c99

    HTTP Error 512: 
2014-06-06 18:01:01,796 - requests: requests.make_urlrequest: 
    ERROR - in requests.make_urlrequest(): 
    http://openweathermap.org/data/2.5/forecast/daily?id=4848144&units=metric&cnt=15&mode=daily_compact&type=day&APPID=1fa55da531b003f0ceb9d84735aa7c99

    HTTP Error 512: 
2014-06-06 18:02:02,200 - requests: requests.make_urlrequest: 
    ERROR - in requests.make_urlrequest(): 
    http://openweathermap.org/data/2.5/forecast/daily?id=4861298&units=metric&cnt=15&mode=daily_compact&type=day&APPID=1fa55da531b003f0ceb9d84735aa7c99

    HTTP Error 512: 
2014-06-06 18:06:01,152 - requests: requests.make_urlrequest: 
    ERROR - in requests.make_urlrequest(): 
    http://openweathermap.org/data/2.5/forecast/daily?id=4917520&units=metric&cnt=15&mode=daily_compact&type=day&APPID=1fa55da531b003f0ceb9d84735aa7c99

    HTTP Error 512: 
2014-06-06 18:10:04,956 - requests: requests.make_urlrequest: 
    ERROR - in requests.make_urlrequest(): 
    http://openweathermap.org/data/2.5/forecast/daily?id=4981710&units=metric&cnt=15&mode=daily_compact&type=day&APPID=1fa55da531b003f0ceb9d84735aa7c99

    HTTP Error 512: 
2014-06-06 18:10:55,215 - requests: requests.make_urlrequest: 
    ERROR - in requests.make_urlrequest(): 
    http://openweathermap.org/data/2.5/forecast/daily?id=4981710&units=metric&cnt=15&mode=daily_compact&type=day&APPID=1fa55da531b003f0ceb9d84735aa7c99

    HTTP Error 504: Gateway Time-out
2014-06-06 18:13:00,491 - requests: requests.make_urlrequest: 
    ERROR - in requests.make_urlrequest(): 
    http://openweathermap.org/data/2.5/forecast/daily?id=5002699&units=metric&cnt=15&mode=daily_compact&type=day&APPID=1fa55da531b003f0ceb9d84735aa7c99

    HTTP Error 512: 
2014-06-06 18:15:25,460 - requests: requests.make_urlrequest: 
    ERROR - in requests.make_urlrequest(): 
    http://openweathermap.org/data/2.5/forecast/daily?id=5036191&units=metric&cnt=15&mode=daily_compact&type=day&APPID=1fa55da531b003f0ceb9d84735aa7c99

    HTTP Error 512: 
2014-06-06 18:16:13,311 - requests: requests.make_urlrequest: 
    ERROR - in requests.make_urlrequest(): 
    http://openweathermap.org/data/2.5/forecast/daily?id=5038045&units=metric&cnt=15&mode=daily_compact&type=day&APPID=1fa55da531b003f0ceb9d84735aa7c99

    HTTP Error 512: 
2014-06-06 18:16:46,900 - requests: requests.make_urlrequest: 
    ERROR - in requests.make_urlrequest(): 
    http://openweathermap.org/data/2.5/forecast/daily?id=5038045&units=metric&cnt=15&mode=daily_compact&type=day&APPID=1fa55da531b003f0ceb9d84735aa7c99

    HTTP Error 512: 
2014-06-06 18:18:32,362 - requests: requests.make_urlrequest: 
    ERROR - in requests.make_urlrequest(): 
    http://openweathermap.org/data/2.5/forecast/daily?id=5073225&units=metric&cnt=15&mode=daily_compact&type=day&APPID=1fa55da531b003f0ceb9d84735aa7c99

    HTTP Error 512: 
2014-06-06 18:20:20,388 - requests: requests.make_urlrequest: 
    ERROR - in requests.make_urlrequest(): 
    http://openweathermap.org/data/2.5/forecast/daily?id=5096049&units=metric&cnt=15&mode=daily_compact&type=day&APPID=1fa55da531b003f0ceb9d84735aa7c99

    HTTP Error 512: 
2014-06-06 18:29:23,273 - requests: requests.make_urlrequest: 
    ERROR - in requests.make_urlrequest(): 
    http://openweathermap.org/data/2.5/forecast/daily?id=5172710&units=metric&cnt=15&mode=daily_compact&type=day&APPID=1fa55da531b003f0ceb9d84735aa7c99

    HTTP Error 512: 
2014-06-06 18:30:47,470 - requests: requests.make_urlrequest: 
    ERROR - in requests.make_urlrequest(): 
    http://openweathermap.org/data/2.5/forecast/daily?id=5180934&units=metric&cnt=15&mode=daily_compact&type=day&APPID=1fa55da531b003f0ceb9d84735aa7c99

    HTTP Error 512: 
2014-06-06 18:32:59,959 - requests: requests.make_urlrequest: 
    ERROR - in requests.make_urlrequest(): 
    http://openweathermap.org/data/2.5/forecast/daily?id=5194912&units=metric&cnt=15&mode=daily_compact&type=day&APPID=1fa55da531b003f0ceb9d84735aa7c99

    HTTP Error 512: 
2014-06-06 18:36:02,179 - requests: requests.make_urlrequest: 
    ERROR - in requests.make_urlrequest(): 
    http://openweathermap.org/data/2.5/forecast/daily?id=5213096&units=metric&cnt=15&mode=daily_compact&type=day&APPID=1fa55da531b003f0ceb9d84735aa7c99

    HTTP Error 512: 
2014-06-06 18:39:35,796 - requests: requests.make_urlrequest: 
    ERROR - in requests.make_urlrequest(): 
    http://openweathermap.org/data/2.5/forecast/daily?id=5277856&units=metric&cnt=15&mode=daily_compact&type=day&APPID=1fa55da531b003f0ceb9d84735aa7c99

    HTTP Error 512: 
2014-06-06 18:47:54,751 - requests: requests.make_urlrequest: 
    ERROR - in requests.make_urlrequest(): 
    http://openweathermap.org/data/2.5/forecast/daily?id=5518084&units=metric&cnt=15&mode=daily_compact&type=day&APPID=1fa55da531b003f0ceb9d84735aa7c99

    HTTP Error 512: 
2014-06-06 18:51:03,567 - requests: requests.make_urlrequest: 
    ERROR - in requests.make_urlrequest(): 
    http://openweathermap.org/data/2.5/forecast/daily?id=5710035&units=metric&cnt=15&mode=daily_compact&type=day&APPID=1fa55da531b003f0ceb9d84735aa7c99

    HTTP Error 512: 
2014-06-06 18:52:11,335 - requests: requests.make_urlrequest: 
    ERROR - in requests.make_urlrequest(): 
    http://openweathermap.org/data/2.5/forecast/daily?id=5736634&units=metric&cnt=15&mode=daily_compact&type=day&APPID=1fa55da531b003f0ceb9d84735aa7c99

    HTTP Error 512: 
2014-06-06 18:54:40,043 - requests: requests.make_urlrequest: 
    ERROR - in requests.make_urlrequest(): 
    http://openweathermap.org/data/2.5/forecast/daily?id=5795933&units=metric&cnt=15&mode=daily_compact&type=day&APPID=1fa55da531b003f0ceb9d84735aa7c99

    HTTP Error 512: 
