2014-06-20 16:55:02,981 - requests: requests.make_urlrequest: 
    ERROR - in requests.make_urlrequest(): 
    http://openweathermap.org/data/2.5/forecast/daily?id=5345529&units=metric&cnt=15&mode=daily_compact&type=day&APPID=1fa55da531b003f0ceb9d84735aa7c99

    HTTP Error 510: 
2014-06-20 17:00:03,479 - requests: requests.make_urlrequest: 
    ERROR - in requests.make_urlrequest(): 
    http://openweathermap.org/data/2.5/forecast/daily?id=6941080&units=metric&cnt=15&mode=daily_compact&type=day&APPID=1fa55da531b003f0ceb9d84735aa7c99

    HTTP Error 510: 
2014-06-20 17:09:03,269 - requests: requests.make_urlrequest: 
    ERROR - in requests.make_urlrequest(): 
    http://openweathermap.org/data/2.5/forecast/daily?id=4261032&units=metric&cnt=15&mode=daily_compact&type=day&APPID=1fa55da531b003f0ceb9d84735aa7c99

    HTTP Error 510: 
2014-06-20 17:10:02,965 - requests: requests.make_urlrequest: 
    ERROR - in requests.make_urlrequest(): 
    http://openweathermap.org/data/2.5/forecast/daily?id=4268521&units=metric&cnt=15&mode=daily_compact&type=day&APPID=1fa55da531b003f0ceb9d84735aa7c99

    HTTP Error 510: 
2014-06-20 17:15:03,764 - requests: requests.make_urlrequest: 
    ERROR - in requests.make_urlrequest(): 
    http://openweathermap.org/data/2.5/forecast/daily?id=4380145&units=metric&cnt=15&mode=daily_compact&type=day&APPID=1fa55da531b003f0ceb9d84735aa7c99

    HTTP Error 510: 
2014-06-20 17:20:03,567 - requests: requests.make_urlrequest: 
    ERROR - in requests.make_urlrequest(): 
    http://openweathermap.org/data/2.5/forecast/daily?id=4501921&units=metric&cnt=15&mode=daily_compact&type=day&APPID=1fa55da531b003f0ceb9d84735aa7c99

    HTTP Error 510: 
2014-06-20 17:21:48,094 - requests: requests.make_urlrequest: 
    ERROR - in requests.make_urlrequest(): 
    http://openweathermap.org/data/2.5/forecast/daily?id=4517471&units=metric&cnt=15&mode=daily_compact&type=day&APPID=1fa55da531b003f0ceb9d84735aa7c99

    HTTP Error 500: Internal Server Error
2014-06-20 17:31:07,370 - requests: requests.make_urlrequest: 
    ERROR - in requests.make_urlrequest(): 
    http://openweathermap.org/data/2.5/forecast/daily?id=4751886&units=metric&cnt=15&mode=daily_compact&type=day&APPID=1fa55da531b003f0ceb9d84735aa7c99

    HTTP Error 510: 
2014-06-20 17:40:02,856 - requests: requests.make_urlrequest: 
    ERROR - in requests.make_urlrequest(): 
    http://openweathermap.org/data/2.5/forecast/daily?id=4983970&units=metric&cnt=15&mode=daily_compact&type=day&APPID=1fa55da531b003f0ceb9d84735aa7c99

    HTTP Error 510: 
2014-06-20 17:44:03,458 - requests: requests.make_urlrequest: 
    ERROR - in requests.make_urlrequest(): 
    http://openweathermap.org/data/2.5/forecast/daily?id=5064638&units=metric&cnt=15&mode=daily_compact&type=day&APPID=1fa55da531b003f0ceb9d84735aa7c99

    HTTP Error 510: 
2014-06-20 17:45:03,147 - requests: requests.make_urlrequest: 
    ERROR - in requests.make_urlrequest(): 
    http://openweathermap.org/data/2.5/forecast/daily?id=5086182&units=metric&cnt=15&mode=daily_compact&type=day&APPID=1fa55da531b003f0ceb9d84735aa7c99

    HTTP Error 510: 
2014-06-20 17:52:09,362 - requests: requests.make_urlrequest: 
    ERROR - in requests.make_urlrequest(): 
    http://openweathermap.org/data/2.5/forecast/daily?id=5151278&units=metric&cnt=15&mode=daily_compact&type=day&APPID=1fa55da531b003f0ceb9d84735aa7c99

    HTTP Error 510: 
2014-06-20 18:00:02,846 - requests: requests.make_urlrequest: 
    ERROR - in requests.make_urlrequest(): 
    http://openweathermap.org/data/2.5/forecast/daily?id=5272378&units=metric&cnt=15&mode=daily_compact&type=day&APPID=1fa55da531b003f0ceb9d84735aa7c99

    HTTP Error 510: 
